2025-10-18 14:15:40 - [main] Starting main runtime
2025-10-18 14:15:40 - [main] Fetching config from https://dev.agrogo.org/device/b8:27:eb:12:34:56/config
2025-10-18 14:15:41 - [main] Error fetching config: HTTPSConnectionPool(host='dev.agrogo.org', port=443): Max retries exceeded with url: /device/b8:27:eb:12:34:56/config (Caused by NameResolutionError("<urllib3.connection.HTTPSConnection object at 0x7f84dcfd50>: Failed to resolve 'dev.agrogo.org' ([Errno -2] Name or service not known)"))
2025-10-18 14:15:41 - [sensor] Exception reading DHT11: module 'adafruit_dht' has no attribute 'read_retry'
2025-10-18 14:15:41 - [main] No sensor readings this loop.
2025-10-18 14:15:58 - [main] KeyboardInterrupt received, cleaning up GPIO and exiting.
2025-10-18 14:15:58 - [main] Shutdown complete.
2025-10-18 14:16:49 - [pairing] Polling pairing status for MAC=d8:3a:dd:ee:bb:ec
2025-10-18 14:16:49 - [pairing] Error contacting server: Invalid URL '': No scheme supplied. Perhaps you meant https://?
2025-10-18 14:16:57 - [pairing] Error contacting server: Invalid URL '': No scheme supplied. Perhaps you meant https://?
2025-10-18 14:17:05 - [pairing] Error contacting server: Invalid URL '': No scheme supplied. Perhaps you meant https://?
2025-10-18 14:17:13 - [pairing] Error contacting server: Invalid URL '': No scheme supplied. Perhaps you meant https://?
2025-10-18 14:17:21 - [pairing] Error contacting server: Invalid URL '': No scheme supplied. Perhaps you meant https://?
2025-10-18 14:17:29 - [pairing] Error contacting server: Invalid URL '': No scheme supplied. Perhaps you meant https://?
2025-10-18 14:17:37 - [pairing] Error contacting server: Invalid URL '': No scheme supplied. Perhaps you meant https://?
2025-10-18 14:17:45 - [pairing] Error contacting server: Invalid URL '': No scheme supplied. Perhaps you meant https://?
2025-10-18 14:17:53 - [pairing] Error contacting server: Invalid URL '': No scheme supplied. Perhaps you meant https://?
2025-10-18 14:18:01 - [pairing] Error contacting server: Invalid URL '': No scheme supplied. Perhaps you meant https://?
2025-10-18 14:18:09 - [pairing] Error contacting server: Invalid URL '': No scheme supplied. Perhaps you meant https://?
2025-10-18 14:18:17 - [pairing] Error contacting server: Invalid URL '': No scheme supplied. Perhaps you meant https://?
2025-10-18 14:18:25 - [pairing] Error contacting server: Invalid URL '': No scheme supplied. Perhaps you meant https://?
2025-10-18 14:18:33 - [pairing] Error contacting server: Invalid URL '': No scheme supplied. Perhaps you meant https://?
2025-10-18 14:18:41 - [pairing] Error contacting server: Invalid URL '': No scheme supplied. Perhaps you meant https://?
2025-10-18 14:18:49 - [pairing] Error contacting server: Invalid URL '': No scheme supplied. Perhaps you meant https://?
2025-10-18 14:18:57 - [pairing] Error contacting server: Invalid URL '': No scheme supplied. Perhaps you meant https://?
2025-10-18 14:19:05 - [pairing] Error contacting server: Invalid URL '': No scheme supplied. Perhaps you meant https://?
2025-10-18 14:19:13 - [pairing] Error contacting server: Invalid URL '': No scheme supplied. Perhaps you meant https://?
2025-10-18 14:19:21 - [pairing] Error contacting server: Invalid URL '': No scheme supplied. Perhaps you meant https://?
2025-10-18 14:19:29 - [pairing] Error contacting server: Invalid URL '': No scheme supplied. Perhaps you meant https://?
2025-10-18 14:26:43 - [main] Starting main runtime
2025-10-18 14:26:43 - [main] Fetching config from https://dev.agrogo.org/device/b8:27:eb:12:34:56/config
2025-10-18 14:26:43 - [main] Error fetching config: HTTPSConnectionPool(host='dev.agrogo.org', port=443): Max retries exceeded with url: /device/b8:27:eb:12:34:56/config (Caused by NameResolutionError("<urllib3.connection.HTTPSConnection object at 0x7f979c2810>: Failed to resolve 'dev.agrogo.org' ([Errno -2] Name or service not known)"))
2025-10-18 14:26:44 - [sensor] Exception reading DHT11: module 'adafruit_dht' has no attribute 'read_retry'
2025-10-18 14:26:44 - [main] No sensor readings this loop.
2025-10-18 14:26:49 - [main] KeyboardInterrupt received, cleaning up GPIO and exiting.
2025-10-18 14:26:49 - [main] Shutdown complete.
2025-10-21 22:01:15 - [pairing] Polling pairing status for MAC=d8:3a:dd:ee:bb:ec
2025-10-21 22:01:15 - [pairing] Error contacting server: Invalid URL '': No scheme supplied. Perhaps you meant https://?
2025-10-21 22:01:23 - [pairing] Error contacting server: Invalid URL '': No scheme supplied. Perhaps you meant https://?
2025-10-21 22:01:31 - [pairing] Error contacting server: Invalid URL '': No scheme supplied. Perhaps you meant https://?
2025-10-21 22:01:39 - [pairing] Error contacting server: Invalid URL '': No scheme supplied. Perhaps you meant https://?
2025-10-21 22:01:47 - [pairing] Error contacting server: Invalid URL '': No scheme supplied. Perhaps you meant https://?
2025-10-21 22:01:55 - [pairing] Error contacting server: Invalid URL '': No scheme supplied. Perhaps you meant https://?
2025-10-21 22:02:03 - [pairing] Error contacting server: Invalid URL '': No scheme supplied. Perhaps you meant https://?
2025-10-21 22:02:11 - [pairing] Error contacting server: Invalid URL '': No scheme supplied. Perhaps you meant https://?
2025-10-21 22:02:19 - [pairing] Error contacting server: Invalid URL '': No scheme supplied. Perhaps you meant https://?
2025-10-21 22:02:27 - [pairing] Error contacting server: Invalid URL '': No scheme supplied. Perhaps you meant https://?
2025-10-21 22:02:35 - [pairing] Error contacting server: Invalid URL '': No scheme supplied. Perhaps you meant https://?
2025-10-21 22:02:43 - [pairing] Error contacting server: Invalid URL '': No scheme supplied. Perhaps you meant https://?
2025-10-21 22:02:51 - [pairing] Error contacting server: Invalid URL '': No scheme supplied. Perhaps you meant https://?
2025-10-21 22:02:59 - [pairing] Error contacting server: Invalid URL '': No scheme supplied. Perhaps you meant https://?
2025-10-21 22:03:07 - [pairing] Error contacting server: Invalid URL '': No scheme supplied. Perhaps you meant https://?
2025-10-21 22:03:15 - [pairing] Error contacting server: Invalid URL '': No scheme supplied. Perhaps you meant https://?
2025-10-21 22:03:23 - [pairing] Error contacting server: Invalid URL '': No scheme supplied. Perhaps you meant https://?
2025-10-21 22:03:31 - [pairing] Error contacting server: Invalid URL '': No scheme supplied. Perhaps you meant https://?
2025-10-21 22:03:39 - [pairing] Error contacting server: Invalid URL '': No scheme supplied. Perhaps you meant https://?
2025-10-21 22:03:47 - [pairing] Error contacting server: Invalid URL '': No scheme supplied. Perhaps you meant https://?
2025-10-21 22:03:55 - [pairing] Error contacting server: Invalid URL '': No scheme supplied. Perhaps you meant https://?
2025-10-21 22:04:03 - [pairing] Error contacting server: Invalid URL '': No scheme supplied. Perhaps you meant https://?
2025-10-21 22:04:11 - [pairing] Error contacting server: Invalid URL '': No scheme supplied. Perhaps you meant https://?
2025-10-21 22:04:19 - [pairing] Error contacting server: Invalid URL '': No scheme supplied. Perhaps you meant https://?
2025-10-21 22:04:27 - [pairing] Error contacting server: Invalid URL '': No scheme supplied. Perhaps you meant https://?
2025-10-21 22:04:35 - [pairing] Error contacting server: Invalid URL '': No scheme supplied. Perhaps you meant https://?
2025-10-21 22:04:43 - [pairing] Error contacting server: Invalid URL '': No scheme supplied. Perhaps you meant https://?
2025-10-21 22:04:51 - [pairing] Error contacting server: Invalid URL '': No scheme supplied. Perhaps you meant https://?
2025-10-21 22:04:59 - [pairing] Error contacting server: Invalid URL '': No scheme supplied. Perhaps you meant https://?
2025-10-21 22:05:07 - [pairing] Error contacting server: Invalid URL '': No scheme supplied. Perhaps you meant https://?
2025-10-21 22:05:15 - [pairing] Error contacting server: Invalid URL '': No scheme supplied. Perhaps you meant https://?
2025-10-21 22:05:23 - [pairing] Error contacting server: Invalid URL '': No scheme supplied. Perhaps you meant https://?
2025-10-21 22:05:31 - [pairing] Error contacting server: Invalid URL '': No scheme supplied. Perhaps you meant https://?
2025-10-21 22:05:39 - [pairing] Error contacting server: Invalid URL '': No scheme supplied. Perhaps you meant https://?
2025-10-21 22:05:47 - [pairing] Error contacting server: Invalid URL '': No scheme supplied. Perhaps you meant https://?
2025-10-21 22:05:55 - [pairing] Error contacting server: Invalid URL '': No scheme supplied. Perhaps you meant https://?
2025-10-21 22:06:03 - [pairing] Error contacting server: Invalid URL '': No scheme supplied. Perhaps you meant https://?
2025-10-21 22:06:11 - [pairing] Error contacting server: Invalid URL '': No scheme supplied. Perhaps you meant https://?
2025-10-21 22:06:19 - [pairing] Error contacting server: Invalid URL '': No scheme supplied. Perhaps you meant https://?
2025-10-21 22:06:27 - [pairing] Error contacting server: Invalid URL '': No scheme supplied. Perhaps you meant https://?
2025-10-21 22:06:35 - [pairing] Error contacting server: Invalid URL '': No scheme supplied. Perhaps you meant https://?
2025-10-21 22:06:43 - [pairing] Error contacting server: Invalid URL '': No scheme supplied. Perhaps you meant https://?
2025-10-21 22:06:51 - [pairing] Error contacting server: Invalid URL '': No scheme supplied. Perhaps you meant https://?
2025-10-21 22:06:59 - [pairing] Error contacting server: Invalid URL '': No scheme supplied. Perhaps you meant https://?
2025-10-21 22:07:07 - [pairing] Error contacting server: Invalid URL '': No scheme supplied. Perhaps you meant https://?
2025-10-21 22:07:15 - [pairing] Error contacting server: Invalid URL '': No scheme supplied. Perhaps you meant https://?
2025-10-21 22:07:23 - [pairing] Error contacting server: Invalid URL '': No scheme supplied. Perhaps you meant https://?
2025-10-21 22:07:31 - [pairing] Error contacting server: Invalid URL '': No scheme supplied. Perhaps you meant https://?
2025-10-21 22:07:39 - [pairing] Error contacting server: Invalid URL '': No scheme supplied. Perhaps you meant https://?
2025-10-21 22:07:47 - [pairing] Error contacting server: Invalid URL '': No scheme supplied. Perhaps you meant https://?
2025-10-21 22:07:55 - [pairing] Error contacting server: Invalid URL '': No scheme supplied. Perhaps you meant https://?
2025-10-21 22:08:03 - [pairing] Error contacting server: Invalid URL '': No scheme supplied. Perhaps you meant https://?
2025-10-21 22:08:11 - [pairing] Error contacting server: Invalid URL '': No scheme supplied. Perhaps you meant https://?
2025-10-21 22:08:19 - [pairing] Error contacting server: Invalid URL '': No scheme supplied. Perhaps you meant https://?
2025-10-21 22:08:27 - [pairing] Error contacting server: Invalid URL '': No scheme supplied. Perhaps you meant https://?
2025-10-21 22:08:35 - [pairing] Error contacting server: Invalid URL '': No scheme supplied. Perhaps you meant https://?
2025-10-21 22:08:43 - [pairing] Error contacting server: Invalid URL '': No scheme supplied. Perhaps you meant https://?
2025-10-21 22:08:51 - [pairing] Error contacting server: Invalid URL '': No scheme supplied. Perhaps you meant https://?
2025-10-21 22:08:59 - [pairing] Error contacting server: Invalid URL '': No scheme supplied. Perhaps you meant https://?
2025-10-21 22:09:07 - [pairing] Error contacting server: Invalid URL '': No scheme supplied. Perhaps you meant https://?
2025-10-21 22:09:15 - [pairing] Error contacting server: Invalid URL '': No scheme supplied. Perhaps you meant https://?
2025-10-21 22:09:23 - [pairing] Error contacting server: Invalid URL '': No scheme supplied. Perhaps you meant https://?
2025-10-21 22:09:31 - [pairing] Error contacting server: Invalid URL '': No scheme supplied. Perhaps you meant https://?
2025-10-21 22:09:39 - [pairing] Error contacting server: Invalid URL '': No scheme supplied. Perhaps you meant https://?
2025-10-21 22:09:47 - [pairing] Error contacting server: Invalid URL '': No scheme supplied. Perhaps you meant https://?
2025-10-21 22:09:55 - [pairing] Error contacting server: Invalid URL '': No scheme supplied. Perhaps you meant https://?
2025-10-21 22:10:03 - [pairing] Error contacting server: Invalid URL '': No scheme supplied. Perhaps you meant https://?
2025-10-21 22:10:11 - [pairing] Error contacting server: Invalid URL '': No scheme supplied. Perhaps you meant https://?
2025-10-21 22:10:19 - [pairing] Error contacting server: Invalid URL '': No scheme supplied. Perhaps you meant https://?
2025-10-21 22:10:27 - [pairing] Error contacting server: Invalid URL '': No scheme supplied. Perhaps you meant https://?
2025-10-21 22:10:35 - [pairing] Error contacting server: Invalid URL '': No scheme supplied. Perhaps you meant https://?
2025-10-21 22:10:43 - [pairing] Error contacting server: Invalid URL '': No scheme supplied. Perhaps you meant https://?
2025-10-21 22:10:51 - [pairing] Error contacting server: Invalid URL '': No scheme supplied. Perhaps you meant https://?
2025-10-21 22:10:59 - [pairing] Error contacting server: Invalid URL '': No scheme supplied. Perhaps you meant https://?
2025-10-21 22:11:07 - [pairing] Error contacting server: Invalid URL '': No scheme supplied. Perhaps you meant https://?
2025-10-21 22:11:15 - [pairing] Error contacting server: Invalid URL '': No scheme supplied. Perhaps you meant https://?
2025-10-21 22:11:23 - [pairing] Error contacting server: Invalid URL '': No scheme supplied. Perhaps you meant https://?
2025-10-21 22:11:31 - [pairing] Error contacting server: Invalid URL '': No scheme supplied. Perhaps you meant https://?
2025-10-21 22:11:39 - [pairing] Error contacting server: Invalid URL '': No scheme supplied. Perhaps you meant https://?
2025-10-21 22:11:47 - [pairing] Error contacting server: Invalid URL '': No scheme supplied. Perhaps you meant https://?
2025-10-21 22:11:55 - [pairing] Error contacting server: Invalid URL '': No scheme supplied. Perhaps you meant https://?
2025-10-21 22:12:03 - [pairing] Error contacting server: Invalid URL '': No scheme supplied. Perhaps you meant https://?
2025-10-21 22:12:11 - [pairing] Error contacting server: Invalid URL '': No scheme supplied. Perhaps you meant https://?
2025-10-21 22:12:19 - [pairing] Error contacting server: Invalid URL '': No scheme supplied. Perhaps you meant https://?
2025-10-21 22:12:27 - [pairing] Error contacting server: Invalid URL '': No scheme supplied. Perhaps you meant https://?
2025-10-21 22:12:35 - [pairing] Error contacting server: Invalid URL '': No scheme supplied. Perhaps you meant https://?
2025-10-21 22:12:43 - [pairing] Error contacting server: Invalid URL '': No scheme supplied. Perhaps you meant https://?
2025-10-21 22:12:51 - [pairing] Error contacting server: Invalid URL '': No scheme supplied. Perhaps you meant https://?
2025-10-21 22:12:59 - [pairing] Error contacting server: Invalid URL '': No scheme supplied. Perhaps you meant https://?
2025-10-21 22:13:07 - [pairing] Error contacting server: Invalid URL '': No scheme supplied. Perhaps you meant https://?
2025-10-21 22:13:15 - [pairing] Error contacting server: Invalid URL '': No scheme supplied. Perhaps you meant https://?
2025-10-21 22:13:23 - [pairing] Error contacting server: Invalid URL '': No scheme supplied. Perhaps you meant https://?
2025-10-21 22:13:31 - [pairing] Error contacting server: Invalid URL '': No scheme supplied. Perhaps you meant https://?
2025-10-21 22:13:39 - [pairing] Error contacting server: Invalid URL '': No scheme supplied. Perhaps you meant https://?
2025-10-21 22:13:47 - [pairing] Error contacting server: Invalid URL '': No scheme supplied. Perhaps you meant https://?
2025-10-21 22:13:55 - [pairing] Error contacting server: Invalid URL '': No scheme supplied. Perhaps you meant https://?
2025-10-21 22:14:03 - [pairing] Error contacting server: Invalid URL '': No scheme supplied. Perhaps you meant https://?
2025-10-21 22:14:11 - [pairing] Error contacting server: Invalid URL '': No scheme supplied. Perhaps you meant https://?
2025-10-21 22:14:19 - [pairing] Error contacting server: Invalid URL '': No scheme supplied. Perhaps you meant https://?
2025-10-21 22:14:27 - [pairing] Error contacting server: Invalid URL '': No scheme supplied. Perhaps you meant https://?
2025-10-21 22:14:35 - [pairing] Error contacting server: Invalid URL '': No scheme supplied. Perhaps you meant https://?
2025-10-21 22:14:43 - [pairing] Error contacting server: Invalid URL '': No scheme supplied. Perhaps you meant https://?
2025-10-21 22:14:51 - [pairing] Error contacting server: Invalid URL '': No scheme supplied. Perhaps you meant https://?
2025-10-21 22:14:59 - [pairing] Error contacting server: Invalid URL '': No scheme supplied. Perhaps you meant https://?
2025-10-21 22:15:07 - [pairing] Error contacting server: Invalid URL '': No scheme supplied. Perhaps you meant https://?
2025-10-21 22:15:15 - [pairing] Error contacting server: Invalid URL '': No scheme supplied. Perhaps you meant https://?
2025-10-21 22:15:23 - [pairing] Error contacting server: Invalid URL '': No scheme supplied. Perhaps you meant https://?
2025-10-21 22:15:31 - [pairing] Error contacting server: Invalid URL '': No scheme supplied. Perhaps you meant https://?
2025-10-21 22:15:39 - [pairing] Error contacting server: Invalid URL '': No scheme supplied. Perhaps you meant https://?
2025-10-21 22:15:47 - [pairing] Error contacting server: Invalid URL '': No scheme supplied. Perhaps you meant https://?
2025-10-21 22:15:55 - [pairing] Error contacting server: Invalid URL '': No scheme supplied. Perhaps you meant https://?
2025-10-21 22:16:03 - [pairing] Error contacting server: Invalid URL '': No scheme supplied. Perhaps you meant https://?
2025-10-21 22:16:11 - [pairing] Error contacting server: Invalid URL '': No scheme supplied. Perhaps you meant https://?
2025-10-21 22:16:19 - [pairing] Error contacting server: Invalid URL '': No scheme supplied. Perhaps you meant https://?
2025-10-21 22:16:27 - [pairing] Error contacting server: Invalid URL '': No scheme supplied. Perhaps you meant https://?
2025-10-21 22:16:35 - [pairing] Error contacting server: Invalid URL '': No scheme supplied. Perhaps you meant https://?
2025-10-21 22:16:43 - [pairing] Error contacting server: Invalid URL '': No scheme supplied. Perhaps you meant https://?
2025-10-21 22:16:51 - [pairing] Error contacting server: Invalid URL '': No scheme supplied. Perhaps you meant https://?
2025-10-21 22:16:59 - [pairing] Error contacting server: Invalid URL '': No scheme supplied. Perhaps you meant https://?
2025-10-21 22:17:07 - [pairing] Error contacting server: Invalid URL '': No scheme supplied. Perhaps you meant https://?
2025-10-21 22:17:15 - [pairing] Error contacting server: Invalid URL '': No scheme supplied. Perhaps you meant https://?
2025-10-21 22:17:23 - [pairing] Error contacting server: Invalid URL '': No scheme supplied. Perhaps you meant https://?
2025-10-21 22:17:31 - [pairing] Error contacting server: Invalid URL '': No scheme supplied. Perhaps you meant https://?
2025-10-21 22:17:39 - [pairing] Error contacting server: Invalid URL '': No scheme supplied. Perhaps you meant https://?
2025-10-21 22:17:47 - [pairing] Error contacting server: Invalid URL '': No scheme supplied. Perhaps you meant https://?
2025-10-21 22:17:55 - [pairing] Error contacting server: Invalid URL '': No scheme supplied. Perhaps you meant https://?
2025-10-21 22:18:03 - [pairing] Error contacting server: Invalid URL '': No scheme supplied. Perhaps you meant https://?
2025-10-21 22:18:11 - [pairing] Error contacting server: Invalid URL '': No scheme supplied. Perhaps you meant https://?
2025-10-21 22:18:19 - [pairing] Error contacting server: Invalid URL '': No scheme supplied. Perhaps you meant https://?
2025-10-21 22:18:27 - [pairing] Error contacting server: Invalid URL '': No scheme supplied. Perhaps you meant https://?
2025-10-21 22:18:35 - [pairing] Error contacting server: Invalid URL '': No scheme supplied. Perhaps you meant https://?
2025-10-21 22:18:43 - [pairing] Error contacting server: Invalid URL '': No scheme supplied. Perhaps you meant https://?
2025-10-21 22:18:51 - [pairing] Error contacting server: Invalid URL '': No scheme supplied. Perhaps you meant https://?
2025-10-21 22:18:59 - [pairing] Error contacting server: Invalid URL '': No scheme supplied. Perhaps you meant https://?
2025-10-21 22:19:07 - [pairing] Error contacting server: Invalid URL '': No scheme supplied. Perhaps you meant https://?
2025-10-21 22:19:15 - [pairing] Error contacting server: Invalid URL '': No scheme supplied. Perhaps you meant https://?
2025-10-21 22:19:23 - [pairing] Error contacting server: Invalid URL '': No scheme supplied. Perhaps you meant https://?
2025-10-21 22:19:31 - [pairing] Error contacting server: Invalid URL '': No scheme supplied. Perhaps you meant https://?
2025-10-21 22:19:39 - [pairing] Error contacting server: Invalid URL '': No scheme supplied. Perhaps you meant https://?
2025-10-21 22:19:47 - [pairing] Error contacting server: Invalid URL '': No scheme supplied. Perhaps you meant https://?
2025-10-21 22:19:55 - [pairing] Error contacting server: Invalid URL '': No scheme supplied. Perhaps you meant https://?
2025-10-21 22:20:03 - [pairing] Error contacting server: Invalid URL '': No scheme supplied. Perhaps you meant https://?
2025-10-21 22:20:11 - [pairing] Error contacting server: Invalid URL '': No scheme supplied. Perhaps you meant https://?
2025-10-21 22:20:19 - [pairing] Error contacting server: Invalid URL '': No scheme supplied. Perhaps you meant https://?
2025-10-21 22:20:27 - [pairing] Error contacting server: Invalid URL '': No scheme supplied. Perhaps you meant https://?
2025-10-21 22:20:35 - [pairing] Error contacting server: Invalid URL '': No scheme supplied. Perhaps you meant https://?
2025-10-21 22:20:43 - [pairing] Error contacting server: Invalid URL '': No scheme supplied. Perhaps you meant https://?
2025-10-21 22:20:51 - [pairing] Error contacting server: Invalid URL '': No scheme supplied. Perhaps you meant https://?
2025-10-21 22:20:59 - [pairing] Error contacting server: Invalid URL '': No scheme supplied. Perhaps you meant https://?
2025-10-21 22:21:07 - [pairing] Error contacting server: Invalid URL '': No scheme supplied. Perhaps you meant https://?
2025-10-21 22:21:15 - [pairing] Error contacting server: Invalid URL '': No scheme supplied. Perhaps you meant https://?
2025-10-21 22:21:23 - [pairing] Error contacting server: Invalid URL '': No scheme supplied. Perhaps you meant https://?
2025-10-21 22:21:31 - [pairing] Error contacting server: Invalid URL '': No scheme supplied. Perhaps you meant https://?
2025-10-21 22:21:39 - [pairing] Error contacting server: Invalid URL '': No scheme supplied. Perhaps you meant https://?
2025-10-21 22:21:47 - [pairing] Error contacting server: Invalid URL '': No scheme supplied. Perhaps you meant https://?
2025-10-21 22:21:55 - [pairing] Error contacting server: Invalid URL '': No scheme supplied. Perhaps you meant https://?
2025-10-21 22:22:03 - [pairing] Error contacting server: Invalid URL '': No scheme supplied. Perhaps you meant https://?
2025-10-21 22:22:11 - [pairing] Error contacting server: Invalid URL '': No scheme supplied. Perhaps you meant https://?
2025-10-21 22:22:19 - [pairing] Error contacting server: Invalid URL '': No scheme supplied. Perhaps you meant https://?
2025-10-21 22:22:27 - [pairing] Error contacting server: Invalid URL '': No scheme supplied. Perhaps you meant https://?
2025-10-21 22:22:35 - [pairing] Error contacting server: Invalid URL '': No scheme supplied. Perhaps you meant https://?
2025-10-21 22:22:43 - [pairing] Error contacting server: Invalid URL '': No scheme supplied. Perhaps you meant https://?
2025-10-21 22:22:51 - [pairing] Error contacting server: Invalid URL '': No scheme supplied. Perhaps you meant https://?
2025-10-21 22:22:59 - [pairing] Error contacting server: Invalid URL '': No scheme supplied. Perhaps you meant https://?
2025-10-21 22:23:07 - [pairing] Error contacting server: Invalid URL '': No scheme supplied. Perhaps you meant https://?
2025-10-21 22:23:15 - [pairing] Error contacting server: Invalid URL '': No scheme supplied. Perhaps you meant https://?
2025-10-21 22:23:23 - [pairing] Error contacting server: Invalid URL '': No scheme supplied. Perhaps you meant https://?
2025-10-21 22:23:31 - [pairing] Error contacting server: Invalid URL '': No scheme supplied. Perhaps you meant https://?
2025-10-21 22:23:39 - [pairing] Error contacting server: Invalid URL '': No scheme supplied. Perhaps you meant https://?
2025-10-21 22:23:47 - [pairing] Error contacting server: Invalid URL '': No scheme supplied. Perhaps you meant https://?
2025-10-21 22:23:55 - [pairing] Error contacting server: Invalid URL '': No scheme supplied. Perhaps you meant https://?
2025-10-21 22:24:03 - [pairing] Error contacting server: Invalid URL '': No scheme supplied. Perhaps you meant https://?
2025-10-21 22:24:11 - [pairing] Error contacting server: Invalid URL '': No scheme supplied. Perhaps you meant https://?
2025-10-21 22:24:19 - [pairing] Error contacting server: Invalid URL '': No scheme supplied. Perhaps you meant https://?
2025-10-21 22:24:27 - [pairing] Error contacting server: Invalid URL '': No scheme supplied. Perhaps you meant https://?
2025-10-21 22:24:35 - [pairing] Error contacting server: Invalid URL '': No scheme supplied. Perhaps you meant https://?
2025-10-21 22:24:43 - [pairing] Error contacting server: Invalid URL '': No scheme supplied. Perhaps you meant https://?
2025-10-21 22:24:51 - [pairing] Error contacting server: Invalid URL '': No scheme supplied. Perhaps you meant https://?
2025-10-21 22:24:59 - [pairing] Error contacting server: Invalid URL '': No scheme supplied. Perhaps you meant https://?
2025-10-21 22:25:07 - [pairing] Error contacting server: Invalid URL '': No scheme supplied. Perhaps you meant https://?
2025-10-21 22:25:15 - [pairing] Error contacting server: Invalid URL '': No scheme supplied. Perhaps you meant https://?
2025-10-21 22:25:23 - [pairing] Error contacting server: Invalid URL '': No scheme supplied. Perhaps you meant https://?
2025-10-21 22:25:31 - [pairing] Error contacting server: Invalid URL '': No scheme supplied. Perhaps you meant https://?
2025-10-21 22:25:39 - [pairing] Error contacting server: Invalid URL '': No scheme supplied. Perhaps you meant https://?
2025-10-21 22:25:47 - [pairing] Error contacting server: Invalid URL '': No scheme supplied. Perhaps you meant https://?
2025-10-21 22:25:55 - [pairing] Error contacting server: Invalid URL '': No scheme supplied. Perhaps you meant https://?
2025-10-21 22:26:03 - [pairing] Error contacting server: Invalid URL '': No scheme supplied. Perhaps you meant https://?
2025-10-21 22:26:11 - [pairing] Error contacting server: Invalid URL '': No scheme supplied. Perhaps you meant https://?
2025-10-21 22:26:19 - [pairing] Error contacting server: Invalid URL '': No scheme supplied. Perhaps you meant https://?
2025-10-21 22:26:27 - [pairing] Error contacting server: Invalid URL '': No scheme supplied. Perhaps you meant https://?
2025-10-21 22:26:35 - [pairing] Error contacting server: Invalid URL '': No scheme supplied. Perhaps you meant https://?
2025-10-21 22:26:43 - [pairing] Error contacting server: Invalid URL '': No scheme supplied. Perhaps you meant https://?
2025-10-21 22:26:51 - [pairing] Error contacting server: Invalid URL '': No scheme supplied. Perhaps you meant https://?
2025-10-21 22:26:59 - [pairing] Error contacting server: Invalid URL '': No scheme supplied. Perhaps you meant https://?
2025-10-21 22:27:07 - [pairing] Error contacting server: Invalid URL '': No scheme supplied. Perhaps you meant https://?
2025-10-21 22:27:15 - [pairing] Error contacting server: Invalid URL '': No scheme supplied. Perhaps you meant https://?
2025-10-21 22:27:23 - [pairing] Error contacting server: Invalid URL '': No scheme supplied. Perhaps you meant https://?
2025-10-21 22:27:31 - [pairing] Error contacting server: Invalid URL '': No scheme supplied. Perhaps you meant https://?
2025-10-21 22:27:39 - [pairing] Error contacting server: Invalid URL '': No scheme supplied. Perhaps you meant https://?
2025-10-21 22:27:47 - [pairing] Error contacting server: Invalid URL '': No scheme supplied. Perhaps you meant https://?
2025-10-21 22:27:55 - [pairing] Error contacting server: Invalid URL '': No scheme supplied. Perhaps you meant https://?
2025-10-21 22:28:03 - [pairing] Error contacting server: Invalid URL '': No scheme supplied. Perhaps you meant https://?
